<?xml version="1.0" encoding="UTF-8"?>
<!-- Generated by org.testng.reporters.JUnitReportReporter -->
<testsuite skipped="0" hostname="DESKTOP-52E8A26" name="practice1.GetRequestAutomation" tests="1" failures="0" timestamp="2020-12-23T18:06:18 EST" time="2.709" errors="0">
  <testcase name="get" time="2.709" classname="practice1.GetRequestAutomation"/>
  <system-out/>
</testsuite> <!-- practice1.GetRequestAutomation -->
