<?xml version="1.0" encoding="UTF-8"?>
<!-- Generated by org.testng.reporters.JUnitReportReporter -->
<testsuite skipped="0" hostname="DESKTOP-52E8A26" name="local_APIs.DataDrivenAPIExamples" tests="2" failures="0" timestamp="2020-12-23T17:40:33 EST" time="2.216" errors="0">
  <testcase name="test_post" time="2.179" classname="local_APIs.DataDrivenAPIExamples"/>
  <system-out/>
  <testcase name="test_post" time="0.037" classname="local_APIs.DataDrivenAPIExamples"/>
  <system-out/>
</testsuite> <!-- local_APIs.DataDrivenAPIExamples -->
