<?xml version="1.0" encoding="UTF-8"?>
<!-- Generated by org.testng.reporters.JUnitReportReporter -->
<testsuite skipped="0" hostname="DESKTOP-52E8A26" name="practice1.Test_Delete" tests="1" failures="0" timestamp="2020-12-23T15:43:03 EST" time="2.717" errors="0">
  <testcase name="test_4_delete" time="2.717" classname="practice1.Test_Delete"/>
  <system-out/>
</testsuite> <!-- practice1.Test_Delete -->
