<?xml version="1.0" encoding="UTF-8"?>
<!-- Generated by org.testng.reporters.JUnitReportReporter -->
<testsuite skipped="0" hostname="DESKTOP-52E8A26" name="practice1.PostRequestAutomation" tests="1" failures="0" timestamp="2020-12-23T18:00:12 EST" time="3.310" errors="0">
  <testcase name="postRequest" time="3.310" classname="practice1.PostRequestAutomation"/>
  <system-out/>
</testsuite> <!-- practice1.PostRequestAutomation -->
