<?xml version="1.0" encoding="UTF-8"?>
<!-- Generated by org.testng.reporters.JUnitReportReporter -->
<testsuite skipped="0" hostname="DESKTOP-52E8A26" name="practice1.Test_GET" tests="5" failures="0" timestamp="2020-12-23T16:08:39 EST" time="7.673" errors="0">
  <testcase name="testGet_3" time="1.296" classname="practice1.Test_GET"/>
  <system-out/>
  <testcase name="testGet_2" time="1.722" classname="practice1.Test_GET"/>
  <system-out/>
  <testcase name="getUserList" time="2.859" classname="practice1.Test_GET"/>
  <system-out/>
  <testcase name="testGet_1" time="0.628" classname="practice1.Test_GET"/>
  <system-out/>
  <testcase name="testGet_4" time="1.168" classname="practice1.Test_GET"/>
  <system-out/>
</testsuite> <!-- practice1.Test_GET -->
