<?xml version="1.0" encoding="UTF-8"?>
<!-- Generated by org.testng.reporters.JUnitReportReporter -->
<testsuite skipped="0" hostname="DESKTOP-52E8A26" name="practice1.Test_PUT" tests="1" failures="0" timestamp="2020-12-23T14:58:17 EST" time="3.452" errors="0">
  <testcase name="test_PUT" time="3.452" classname="practice1.Test_PUT"/>
  <system-out/>
</testsuite> <!-- practice1.Test_PUT -->
