<?xml version="1.0" encoding="UTF-8"?>
<!-- Generated by org.testng.reporters.JUnitReportReporter -->
<testsuite skipped="0" hostname="DESKTOP-52E8A26" name="practice1.Test_PATCH" tests="1" failures="0" timestamp="2020-12-23T15:42:11 EST" time="3.118" errors="0">
  <testcase name="test_Patch" time="3.118" classname="practice1.Test_PATCH"/>
  <system-out/>
</testsuite> <!-- practice1.Test_PATCH -->
