<?xml version="1.0" encoding="UTF-8"?>
<!-- Generated by org.testng.reporters.JUnitReportReporter -->
<testsuite skipped="0" hostname="DESKTOP-52E8A26" name="practice1.Test_POST" tests="1" failures="0" timestamp="2020-12-23T13:18:57 EST" time="2.947" errors="0">
  <testcase name="test_1_POST" time="2.947" classname="practice1.Test_POST"/>
  <system-out/>
</testsuite> <!-- practice1.Test_POST -->
